<?xml version="1.0" encoding="UTF-8"?>
<!-- Generated by org.testng.reporters.JUnitXMLReporter -->
<testsuite ignored="0" hostname="AT-R9" failures="1" tests="2" name="ie Test" time="17.998" errors="0" timestamp="12 Apr 2018 12:24:14 GMT">
  <testcase classname="parallel.par" name="@AfterTest closeBrowser" time="0.0">
    <failure type="java.lang.NullPointerException">
      <![CDATA[java.lang.NullPointerException
	at parallel.par.closeBrowser(par.java:59)
	at java.base/java.util.concurrent.FutureTask.run(FutureTask.java:264)
	at java.base/java.util.concurrent.ThreadPoolExecutor.runWorker(ThreadPoolExecutor.java:1167)
	at java.base/java.util.concurrent.ThreadPoolExecutor$Worker.run(ThreadPoolExecutor.java:641)
	at java.base/java.lang.Thread.run(Thread.java:844)
... Removed 14 stack frames]]>
    </failure>
  </testcase> <!-- @AfterTest closeBrowser -->
  <testcase classname="parallel.par" name="login_TestCase" time="0.008">
    <failure type="java.lang.NullPointerException">
      <![CDATA[java.lang.NullPointerException
	at parallel.par.login_TestCase(par.java:44)
	at java.base/java.util.concurrent.FutureTask.run(FutureTask.java:264)
	at java.base/java.util.concurrent.ThreadPoolExecutor.runWorker(ThreadPoolExecutor.java:1167)
	at java.base/java.util.concurrent.ThreadPoolExecutor$Worker.run(ThreadPoolExecutor.java:641)
	at java.base/java.lang.Thread.run(Thread.java:844)
... Removed 16 stack frames]]>
    </failure>
  </testcase> <!-- login_TestCase -->
  <testcase classname="parallel.par" name="search_TestCase" time="0.005"/>
</testsuite> <!-- ie Test -->
